app/build/intermediates/manifest_merge_blame_file/debug/manifest-merger-blame-debug-report.txt
1<?xml version="1.0" encoding="utf-8"?>
2<manifest xmlns:android="http://schemas.android.com/apk/res/android"
3    package="com.example.photoshare"
4    android:versionCode="1"
5    android:versionName="1.0" >
6
7    <uses-sdk
8        android:minSdkVersion="28"
8-->src/main/AndroidManifest.xml
9        android:targetSdkVersion="30" />
9-->src/main/AndroidManifest.xml
10
11    <application
11-->src/main/AndroidManifest.xml:5:5-56:19
12        android:allowBackup="true"
12-->src/main/AndroidManifest.xml:6:9-35
13        android:appComponentFactory="androidx.core.app.CoreComponentFactory"
13-->[androidx.core:core:1.5.0] AndroidManifest.xml:24:18-86
14        android:debuggable="true"
15        android:extractNativeLibs="false"
16        android:icon="@mipmap/ic_launcher"
16-->src/main/AndroidManifest.xml:7:9-43
17        android:label="@string/app_name"
17-->src/main/AndroidManifest.xml:8:9-41
18        android:roundIcon="@mipmap/ic_launcher_round"
18-->src/main/AndroidManifest.xml:9:9-54
19        android:supportsRtl="true"
19-->src/main/AndroidManifest.xml:10:9-35
20        android:testOnly="true"
21        android:theme="@style/Theme.PhotoShare" >
21-->src/main/AndroidManifest.xml:11:9-48
22
23        <!-- MAIN ACTIVITY (1): HOME UNJOINED -->
24        <activity
24-->src/main/AndroidManifest.xml:14:9-21:20
25            android:name="com.example.photoshare.ActivityHomeUnjoined"
25-->src/main/AndroidManifest.xml:14:19-55
26            android:screenOrientation="portrait" >
26-->src/main/AndroidManifest.xml:15:13-49
27            <intent-filter>
27-->src/main/AndroidManifest.xml:16:13-19:29
28                <action android:name="android.intent.action.MAIN" />
28-->src/main/AndroidManifest.xml:17:17-69
28-->src/main/AndroidManifest.xml:17:25-66
29
30                <category android:name="android.intent.category.LAUNCHER" />
30-->src/main/AndroidManifest.xml:18:17-77
30-->src/main/AndroidManifest.xml:18:27-74
31            </intent-filter>
32        </activity>
33
34        <!-- MAIN ACTIVITY (2): HOME JOINED -->
35        <activity
35-->src/main/AndroidManifest.xml:24:9-27:20
36            android:name="com.example.photoshare.ActivityHomeJoined"
36-->src/main/AndroidManifest.xml:24:19-53
37            android:screenOrientation="portrait" >
37-->src/main/AndroidManifest.xml:25:13-49
38        </activity>
39
40        <!-- SETTINGS HOME -->
41        <activity
41-->src/main/AndroidManifest.xml:30:9-33:20
42            android:name="com.example.photoshare.ActivitySettingsHome"
42-->src/main/AndroidManifest.xml:30:19-55
43            android:screenOrientation="portrait" >
43-->src/main/AndroidManifest.xml:31:13-49
44        </activity>
45
46        <!-- PROFILE SETTINGS -->
47        <activity
47-->src/main/AndroidManifest.xml:36:9-40:20
48            android:name="com.example.photoshare.ActivitySettingsProfile"
48-->src/main/AndroidManifest.xml:36:19-58
49            android:parentActivityName="com.example.photoshare.ActivitySettingsHome"
49-->src/main/AndroidManifest.xml:38:13-63
50            android:screenOrientation="portrait" >
50-->src/main/AndroidManifest.xml:37:13-49
51        </activity>
52
53        <!-- NOTIFICATION SETTINGS -->
54        <activity
54-->src/main/AndroidManifest.xml:43:9-47:20
55            android:name="com.example.photoshare.ActivitySettingsNotifications"
55-->src/main/AndroidManifest.xml:43:19-64
56            android:parentActivityName="com.example.photoshare.ActivitySettingsHome"
56-->src/main/AndroidManifest.xml:45:13-63
57            android:screenOrientation="portrait" >
57-->src/main/AndroidManifest.xml:44:13-49
58        </activity>
59
60        <!-- PREFERENCES SETTINGS -->
61        <activity
61-->src/main/AndroidManifest.xml:50:9-54:20
62            android:name="com.example.photoshare.ActivitySettingsPreferences"
62-->src/main/AndroidManifest.xml:50:19-62
63            android:parentActivityName="com.example.photoshare.ActivitySettingsHome"
63-->src/main/AndroidManifest.xml:52:13-63
64            android:screenOrientation="portrait" >
64-->src/main/AndroidManifest.xml:51:13-49
65        </activity>
66    </application>
67
68</manifest>